-- ------------------------------------------------------------------------
-- Data & Persistency
-- Opdracht S7: Indexen
--
-- (c) 2020 Hogeschool Utrecht
-- Tijmen Muller (tijmen.muller@hu.nl)
-- André Donk (andre.donk@hu.nl)
-- ------------------------------------------------------------------------
-- LET OP, zoals in de opdracht op Canvas ook gezegd kun je informatie over
-- het query plan vinden op: https://www.postgresql.org/docs/current/using-explain.html


-- S7.1.
--
-- Je maakt alle opdrachten in de 'sales' database die je hebt aangemaakt en gevuld met
-- de aangeleverde data (zie de opdracht op Canvas).
--
-- Voer het voorbeeld uit wat in de les behandeld is:
-- 1. Voer het volgende EXPLAIN statement uit:
--    EXPLAIN SELECT * FROM order_lines WHERE stock_item_id = 9;
--    Bekijk of je het resultaat begrijpt. Kopieer het explain plan onderaan de opdracht
"Gather  (cost=1000.00..11303.54 rows=2020 width=96)"
"  Workers Planned: 2"
"  ->  Parallel Seq Scan on order_lines  (cost=0.00..10101.54 rows=842 width=96)"
"        Filter: (stock_item_id = 9)"
-- 2. Voeg een index op stock_item_id toe:
--    CREATE INDEX ord_lines_si_id_idx ON order_lines (stock_item_id);
-- 3. Analyseer opnieuw met EXPLAIN hoe de query nu uitgevoerd wordt
--    Kopieer het explain plan onderaan de opdracht
"Bitmap Heap Scan on order_lines  (cost=24.08..4611.35 rows=2020 width=96)"
"  Recheck Cond: (stock_item_id = 9)"
"  ->  Bitmap Index Scan on ord_lines_si_id_idx  (cost=0.00..23.57 rows=2020 width=0)"
"        Index Cond: (stock_item_id = 9)"
-- 4. Verklaar de verschillen. Schrijf deze hieronder op.
Zonder index zoekt het in een parallel sequential scan (door hele tabel heen zoeken voor rows waar stock item id 9 is).
Gather bovenaan zegt hoelang het hele proces heeft geduurd gemeten in cost.
Parallel Seq Scan cost is alleen hoelang het zoeken voor passende resultaten heeft geduurd.

Met index checkt de conditie (stockitem id 9) daarna via de index die we hebben gecreeerd ord_lines_si_id_idx
(zorgt voor structuur en orde) zoekt het vindt het rows waar stock item id 9 is.
Bitmap HeapScan cost is totale tijd van hele proces gemeten in cost.
Bitmap Index Scan is alleen hoelang het zoeken voor passende resultaten heeft geduurd.

In de resultaten boven kan je zien dat niet alleen het totale tijd maar ook het zoeken tijd extreem veel langer duurde
bij het zoeken zonder index dan met index.

-- S7.2.
--
-- 1. Maak de volgende twee query’s:
-- 	  A. Toon uit de order tabel de order met order_id = 73590
    "Index Scan using pk_sales_orders on orders  (cost=0.29..8.31 rows=1 width=155)"
"  Index Cond: (order_id = 73590)"
-- 	  B. Toon uit de order tabel de order met customer_id = 1028
    "Seq Scan on orders  (cost=0.00..1819.94 rows=107 width=155)"
"  Filter: (customer_id = 1028)"
-- 2. Analyseer met EXPLAIN hoe de query’s uitgevoerd worden en kopieer het explain plan onderaan de opdracht
-- 3. Verklaar de verschillen en schrijf deze op
    orders is een primary key en dus krijgt het bij het maken van de table automatisch ook een index. Hierdoor kan het
    makkelijk gevonden worden.
    customer_id heeft geen index en zoekt het via een sequential scan door de hele table heen totdat het gevonden wordt.
-- 4. Voeg een index toe, waarmee query B versneld kan worden
    CREATE INDEX inx_customer_id ON orders (customer_id);
-- 5. Analyseer met EXPLAIN en kopieer het explain plan onder de opdracht
    "Bitmap Heap Scan on orders  (cost=5.12..308.96 rows=107 width=155)"
"  Recheck Cond: (customer_id = 1028)"
"  ->  Bitmap Index Scan on inx_customer_id  (cost=0.00..5.10 rows=107 width=0)"
"        Index Cond: (customer_id = 1028)"
-- 6. Verklaar de verschillen en schrijf hieronder op
Het probeert nu te zoeken met een index en dus is het een index scan voor de customer id inplaats van een normale sequential
scan wat door heel het tabel heen gaat. Je kan zien dat de seq scan cost veel hoger is dan de bitmap index scan cost.
Hoe lager hoe sneller.


-- S7.3.A
--
-- Het blijkt dat customers regelmatig klagen over trage bezorging van hun bestelling.
-- Het idee is dat verkopers misschien te lang wachten met het invoeren van de bestelling in het systeem.
-- Daar willen we meer inzicht in krijgen.
-- We willen alle orders (order_id, order_date, salesperson_person_id (als verkoper),
--    het verschil tussen expected_delivery_date en order_date (als levertijd),  
--    en de bestelde hoeveelheid van een product zien (quantity uit order_lines).
-- Dit willen we alleen zien voor een bestelde hoeveelheid van een product > 250
--   (we zijn nl. als eerste geïnteresseerd in grote aantallen want daar lijkt het vaker mis te gaan)
-- En verder willen we ons focussen op verkopers wiens bestellingen er gemiddeld langer over doen.
-- De meeste bestellingen kunnen binnen een dag bezorgd worden, sommige binnen 2-3 dagen.
-- Het hele bestelproces is er op gericht dat de gemiddelde bestelling binnen 1.45 dagen kan worden bezorgd.
-- We willen in onze query dan ook alleen de verkopers zien wiens gemiddelde levertijd 
--  (expected_delivery_date - order_date) over al zijn/haar bestellingen groter is dan 1.45 dagen.
-- Maak om dit te bereiken een subquery in je WHERE clause.
-- Sorteer het resultaat van de hele geheel op levertijd (desc) en verkoper.
-- 1. Maak hieronder deze query (als je het goed doet zouden er 377 rijen uit moeten komen, en het kan best even duren...)
SELECT
    o.order_id,
    o.order_date,
    o.salesperson_person_id as verkoper,
    o.expected_delivery_date - o.order_date as levertijd,
    ol.quantity
FROM
    orders o
JOIN order_lines ol ON o.order_id = ol.order_id;


-- S7.3.B
--
-- 1. Vraag het EXPLAIN plan op van je query (kopieer hier, onder de opdracht)
-- 2. Kijk of je met 1 of meer indexen de query zou kunnen versnellen
-- 3. Maak de index(en) aan en run nogmaals het EXPLAIN plan (kopieer weer onder de opdracht) 
-- 4. Wat voor verschillen zie je? Verklaar hieronder.



-- S7.3.C
--
-- Zou je de query ook heel anders kunnen schrijven om hem te versnellen?


